1663246402287	geckodriver	INFO	Listening on 127.0.0.1:53634
1663246405354	mozrunner::runner	INFO	Running command: "C:\\Program Files\\Mozilla Firefox\\firefox.exe" "--marionette" "-headless" "--window-size=1920,1200" "--remote-debugging-port" "53635" "--remote-allow-hosts" "localhost" "-no-remote" "-profile" "C:\\Users\\Howne\\AppData\\Local\\Temp\\rust_mozprofileXkQdy4"
*** You are running in headless mode.
1663246405740	Marionette	INFO	Marionette enabled
1663246405746	Marionette	INFO	Listening on port 53647
WebDriver BiDi listening on ws://localhost:53635
Read port: 53647
1663246405852	RemoteAgent	WARN	TLS certificate errors will be ignored for this session
[GFX1-]: RenderCompositorSWGL failed mapping default framebuffer, no dt
console.warn: SearchSettings: "get: No settings file exists, new profile?" (new NotFoundError("Could not open the file at C:\\Users\\Howne\\AppData\\Local\\Temp\\rust_mozprofileXkQdy4\\search.json.mozlz4", (void 0)))
DevTools listening on ws://localhost:53635/devtools/browser/e69a12e2-0ccc-45f0-9c1e-2a37546919df
JavaScript warning: https://assets.adobedtm.com/0216612597a6/b80235efd36c/launch-9d979f097026.min.js, line 3: WEBGL_debug_renderer_info is deprecated in Firefox and will be removed. Please use RENDERER.
1663246809965	geckodriver	INFO	Listening on 127.0.0.1:53948
1663246813003	mozrunner::runner	INFO	Running command: "C:\\Program Files\\Mozilla Firefox\\firefox.exe" "--marionette" "-headless" "--window-size=1920,1200" "--remote-debugging-port" "53949" "--remote-allow-hosts" "localhost" "-no-remote" "-profile" "C:\\Users\\Howne\\AppData\\Local\\Temp\\rust_mozprofileMLWLWs"
*** You are running in headless mode.
1663246813434	Marionette	INFO	Marionette enabled
1663246813437	Marionette	INFO	Listening on port 53961
WebDriver BiDi listening on ws://localhost:53949
Read port: 53961
1663246813695	RemoteAgent	WARN	TLS certificate errors will be ignored for this session
[GFX1-]: RenderCompositorSWGL failed mapping default framebuffer, no dt
console.warn: SearchSettings: "get: No settings file exists, new profile?" (new NotFoundError("Could not open the file at C:\\Users\\Howne\\AppData\\Local\\Temp\\rust_mozprofileMLWLWs\\search.json.mozlz4", (void 0)))
DevTools listening on ws://localhost:53949/devtools/browser/d23a5d73-d590-40f6-912f-1523191ac391
JavaScript warning: https://assets.adobedtm.com/0216612597a6/b80235efd36c/launch-9d979f097026.min.js, line 3: WEBGL_debug_renderer_info is deprecated in Firefox and will be removed. Please use RENDERER.
1663246841156	geckodriver	INFO	Listening on 127.0.0.1:54058
1663246844199	mozrunner::runner	INFO	Running command: "C:\\Program Files\\Mozilla Firefox\\firefox.exe" "--marionette" "-headless" "--window-size=1920,1200" "--remote-debugging-port" "54059" "--remote-allow-hosts" "localhost" "-no-remote" "-profile" "C:\\Users\\Howne\\AppData\\Local\\Temp\\rust_mozprofileuFWMdh"
*** You are running in headless mode.
1663246844574	Marionette	INFO	Marionette enabled
1663246844578	Marionette	INFO	Listening on port 54071
WebDriver BiDi listening on ws://localhost:54059
Read port: 54071
1663246844782	RemoteAgent	WARN	TLS certificate errors will be ignored for this session
[GFX1-]: RenderCompositorSWGL failed mapping default framebuffer, no dt
console.warn: SearchSettings: "get: No settings file exists, new profile?" (new NotFoundError("Could not open the file at C:\\Users\\Howne\\AppData\\Local\\Temp\\rust_mozprofileuFWMdh\\search.json.mozlz4", (void 0)))
DevTools listening on ws://localhost:54059/devtools/browser/6913ff4e-e56d-42fa-b789-334a46f7bda9
JavaScript error: , line 0: NS_ERROR_NOT_AVAILABLE
1663247921863	geckodriver	INFO	Listening on 127.0.0.1:54686
1663247924908	mozrunner::runner	INFO	Running command: "C:\\Program Files\\Mozilla Firefox\\firefox.exe" "--marionette" "-headless" "--window-size=1920,1200" "--remote-debugging-port" "54687" "--remote-allow-hosts" "localhost" "-no-remote" "-profile" "C:\\Users\\Howne\\AppData\\Local\\Temp\\rust_mozprofilei79dIS"
*** You are running in headless mode.
1663247925347	Marionette	INFO	Marionette enabled
1663247925351	Marionette	INFO	Listening on port 54701
WebDriver BiDi listening on ws://localhost:54687
Read port: 54701
1663247925577	RemoteAgent	WARN	TLS certificate errors will be ignored for this session
[GFX1-]: RenderCompositorSWGL failed mapping default framebuffer, no dt
console.warn: SearchSettings: "get: No settings file exists, new profile?" (new NotFoundError("Could not open the file at C:\\Users\\Howne\\AppData\\Local\\Temp\\rust_mozprofilei79dIS\\search.json.mozlz4", (void 0)))
DevTools listening on ws://localhost:54687/devtools/browser/08ead94f-641a-419c-83ec-169f355329bf
JavaScript error: , line 0: NS_ERROR_NOT_AVAILABLE
1663250539640	geckodriver	INFO	Listening on 127.0.0.1:56016
1663250542711	mozrunner::runner	INFO	Running command: "C:\\Program Files\\Mozilla Firefox\\firefox.exe" "--marionette" "-headless" "--window-size=1920,1200" "--remote-debugging-port" "56017" "--remote-allow-hosts" "localhost" "-no-remote" "-profile" "C:\\Users\\Howne\\AppData\\Local\\Temp\\rust_mozprofileqVYHPI"
*** You are running in headless mode.
1663250543112	Marionette	INFO	Marionette enabled
1663250543115	Marionette	INFO	Listening on port 56040
WebDriver BiDi listening on ws://localhost:56017
Read port: 56040
1663250543210	RemoteAgent	WARN	TLS certificate errors will be ignored for this session
[GFX1-]: RenderCompositorSWGL failed mapping default framebuffer, no dt
console.warn: SearchSettings: "get: No settings file exists, new profile?" (new NotFoundError("Could not open the file at C:\\Users\\Howne\\AppData\\Local\\Temp\\rust_mozprofileqVYHPI\\search.json.mozlz4", (void 0)))
DevTools listening on ws://localhost:56017/devtools/browser/554f7b71-4356-4ee9-acb3-8ed3cfaa739b
JavaScript error: , line 0: NS_ERROR_NOT_AVAILABLE
A content process crashed and MOZ_CRASHREPORTER_SHUTDOWN is set, shutting down
1663260557233	Marionette	INFO	Stopped listening on port 56040
[Parent 14280, IPC I/O Parent] WARNING: file /builds/worker/checkouts/gecko/ipc/chromium/src/base/process_util_win.cc:167
[Parent 14280, IPC I/O Parent] WARNING: file /builds/worker/checkouts/gecko/ipc/chromium/src/base/process_util_win.cc:167
O	Marionette enabled
1663250560409	Marionette	INFO	Listening on port 56116
WebDriver BiDi listening on ws://localhost:56104
Read port: 56116
1663250560628	RemoteAgent	WARN	TLS certificate errors will be ignored for this session
[GFX1-]: RenderCompositorSWGL failed mapping default framebuffer, no dt
console.warn: SearchSettings: "get: No settings file exists, new profile?" (new NotFoundError("Could not open the file at C:\\Users\\Howne\\AppData\\Local\\Temp\\rust_mozprofile18Enyz\\search.json.mozlz4", (void 0)))
DevTools listening on ws://localhost:56104/devtools/browser/7e23ffd5-2525-46aa-93f0-50d158f8fc84
JavaScript error: , line 0: NS_ERROR_NOT_AVAILABLE
1663254526928	geckodriver	INFO	Listening on 127.0.0.1:59875
1663254529982	mozrunner::runner	INFO	Running command: "C:\\Program Files\\Mozilla Firefox\\firefox.exe" "--marionette" "-headless" "--window-size=1920,1200" "--remote-debugging-port" "59876" "--remote-allow-hosts" "localhost" "-no-remote" "-profile" "C:\\Users\\Howne\\AppData\\Local\\Temp\\rust_mozprofile5uQXQG"
*** You are running in headless mode.
1663254530551	Marionette	INFO	Marionette enabled
1663254530557	Marionette	INFO	Listening on port 59888
WebDriver BiDi listening on ws://localhost:59876
Read port: 59888
1663254530819	RemoteAgent	WARN	TLS certificate errors will be ignored for this session
[GFX1-]: RenderCompositorSWGL failed mapping default framebuffer, no dt
console.warn: SearchSettings: "get: No settings file exists, new profile?" (new NotFoundError("Could not open the file at C:\\Users\\Howne\\AppData\\Local\\Temp\\rust_mozprofile5uQXQG\\search.json.mozlz4", (void 0)))
DevTools listening on ws://localhost:59876/devtools/browser/a2aa41a4-98dc-49f0-a525-3b8824e44a28
JavaScript error: , line 0: NS_ERROR_NOT_AVAILABLE
1:59982
1663254610409	mozrunner::runner	INFO	Running command: "C:\\Program Files\\Mozilla Firefox\\firefox.exe" "--marionette" "-headless" "--window-size=1920,1200" "--remote-debugging-port" "59983" "--remote-allow-hosts" "localhost" "-no-remote" "-profile" "C:\\Users\\Howne\\AppData\\Local\\Temp\\rust_mozprofileVNxo4D"
*** You are running in headless mode.
1663254610766	Marionette	INFO	Marionette enabled
1663254610771	Marionette	INFO	Listening on port 59995
WebDriver BiDi listening on ws://localhost:59983
Read port: 59995
1663254610991	RemoteAgent	WARN	TLS certificate errors will be ignored for this session
[GFX1-]: RenderCompositorSWGL failed mapping default framebuffer, no dt
console.warn: SearchSettings: "get: No settings file exists, new profile?" (new NotFoundError("Could not open the file at C:\\Users\\Howne\\AppData\\Local\\Temp\\rust_mozprofileVNxo4D\\search.json.mozlz4", (void 0)))
DevTools listening on ws://localhost:59983/devtools/browser/a314f7f1-cd47-44d1-a87c-ed3871c60ee1
JavaScript error: , line 0: NS_ERROR_NOT_AVAILABLE
1663255420962	geckodriver	INFO	Listening on 127.0.0.1:60447
1663255424029	mozrunner::runner	INFO	Running command: "C:\\Program Files\\Mozilla Firefox\\firefox.exe" "--marionette" "-headless" "--window-size=1920,1200" "--remote-debugging-port" "60448" "--remote-allow-hosts" "localhost" "-no-remote" "-profile" "C:\\Users\\Howne\\AppData\\Local\\Temp\\rust_mozprofileMfzFIZ"
*** You are running in headless mode.
1663255424505	Marionette	INFO	Marionette enabled
1663255424509	Marionette	INFO	Listening on port 60460
WebDriver BiDi listening on ws://localhost:60448
Read port: 60460
1663255424711	RemoteAgent	WARN	TLS certificate errors will be ignored for this session
[GFX1-]: RenderCompositorSWGL failed mapping default framebuffer, no dt
console.warn: SearchSettings: "get: No settings file exists, new profile?" (new NotFoundError("Could not open the file at C:\\Users\\Howne\\AppData\\Local\\Temp\\rust_mozprofileMfzFIZ\\search.json.mozlz4", (void 0)))
DevTools listening on ws://localhost:60448/devtools/browser/739068dc-5e16-4900-b8b1-817bc6714663
JavaScript error: , line 0: NS_ERROR_NOT_AVAILABLE
1:60710
1663255826881	mozrunner::runner	INFO	Running command: "C:\\Program Files\\Mozilla Firefox\\firefox.exe" "--marionette" "-headless" "--window-size=1920,1200" "--remote-debugging-port" "60711" "--remote-allow-hosts" "localhost" "-no-remote" "-profile" "C:\\Users\\Howne\\AppData\\Local\\Temp\\rust_mozprofileowOuSl"
*** You are running in headless mode.
1663255827305	Marionette	INFO	Marionette enabled
1663255827309	Marionette	INFO	Listening on port 60723
WebDriver BiDi listening on ws://localhost:60711
Read port: 60723
1663255827391	RemoteAgent	WARN	TLS certificate errors will be ignored for this session
[GFX1-]: RenderCompositorSWGL failed mapping default framebuffer, no dt
console.warn: SearchSettings: "get: No settings file exists, new profile?" (new NotFoundError("Could not open the file at C:\\Users\\Howne\\AppData\\Local\\Temp\\rust_mozprofileowOuSl\\search.json.mozlz4", (void 0)))
DevTools listening on ws://localhost:60711/devtools/browser/8c2dea85-a6de-4ba5-a4f4-6f2e0a6ac7ff
JavaScript error: , line 0: NS_ERROR_NOT_AVAILABLE
1663256970526	geckodriver	INFO	Listening on 127.0.0.1:63029
1663256973569	mozrunner::runner	INFO	Running command: "C:\\Program Files\\Mozilla Firefox\\firefox.exe" "--marionette" "-headless" "--window-size=1920,1200" "--remote-debugging-port" "63030" "--remote-allow-hosts" "localhost" "-no-remote" "-profile" "C:\\Users\\Howne\\AppData\\Local\\Temp\\rust_mozprofileMn5xGO"
*** You are running in headless mode.
1663256974028	Marionette	INFO	Marionette enabled
1663256974034	Marionette	INFO	Listening on port 63043
WebDriver BiDi listening on ws://localhost:63030
Read port: 63043
1663256974270	RemoteAgent	WARN	TLS certificate errors will be ignored for this session
[GFX1-]: RenderCompositorSWGL failed mapping default framebuffer, no dt
console.warn: SearchSettings: "get: No settings file exists, new profile?" (new NotFoundError("Could not open the file at C:\\Users\\Howne\\AppData\\Local\\Temp\\rust_mozprofileMn5xGO\\search.json.mozlz4", (void 0)))
DevTools listening on ws://localhost:63030/devtools/browser/4790d8be-f0fa-4845-a0a9-b990f3fa48ff
JavaScript error: , line 0: NS_ERROR_NOT_AVAILABLE
1:63198
1663257134324	mozrunner::runner	INFO	Running command: "C:\\Program Files\\Mozilla Firefox\\firefox.exe" "--marionette" "-headless" "--window-size=1920,1200" "--remote-debugging-port" "63199" "--remote-allow-hosts" "localhost" "-no-remote" "-profile" "C:\\Users\\Howne\\AppData\\Local\\Temp\\rust_mozprofileKjhPEg"
*** You are running in headless mode.
1663257134760	Marionette	INFO	Marionette enabled
1663257134766	Marionette	INFO	Listening on port 63211
WebDriver BiDi listening on ws://localhost:63199
Read port: 63211
1663257134861	RemoteAgent	WARN	TLS certificate errors will be ignored for this session
[GFX1-]: RenderCompositorSWGL failed mapping default framebuffer, no dt
console.warn: SearchSettings: "get: No settings file exists, new profile?" (new NotFoundError("Could not open the file at C:\\Users\\Howne\\AppData\\Local\\Temp\\rust_mozprofileKjhPEg\\search.json.mozlz4", (void 0)))
DevTools listening on ws://localhost:63199/devtools/browser/3d9ce662-b64e-4f0b-89d9-f197876faf71
JavaScript error: , line 0: NS_ERROR_NOT_AVAILABLE
Exiting due to channel error.
::runner	INFO	Running command: "C:\\Program Files\\Mozilla Firefox\\firefox.exe" "--marionette" "-headless" "--window-size=1920,1200" "--remote-debugging-port" "63278" "--remote-allow-hosts" "localhost" "-no-remote" "-profile" "C:\\Users\\Howne\\AppData\\Local\\Temp\\rust_mozprofile4Wftn9"
*** You are running in headless mode.
1663257155758	Marionette	INFO	Marionette enabled
1663257155761	Marionette	INFO	Listening on port 63292
WebDriver BiDi listening on ws://localhost:63278
Read port: 63292
1663257155843	RemoteAgent	WARN	TLS certificate errors will be ignored for this session
[GFX1-]: RenderCompositorSWGL failed mapping default framebuffer, no dt
console.warn: SearchSettings: "get: No settings file exists, new profile?" (new NotFoundError("Could not open the file at C:\\Users\\Howne\\AppData\\Local\\Temp\\rust_mozprofile4Wftn9\\search.json.mozlz4", (void 0)))
DevTools listening on ws://localhost:63278/devtools/browser/047ed3b7-af4c-4fd3-827e-b280ec9c1f18
JavaScript error: , line 0: NS_ERROR_NOT_AVAILABLE
1:63389
1663257237183	mozrunner::runner	INFO	Running command: "C:\\Program Files\\Mozilla Firefox\\firefox.exe" "--marionette" "-headless" "--window-size=1920,1200" "--remote-debugging-port" "63390" "--remote-allow-hosts" "localhost" "-no-remote" "-profile" "C:\\Users\\Howne\\AppData\\Local\\Temp\\rust_mozprofile6CkcPN"
*** You are running in headless mode.
1663257237611	Marionette	INFO	Marionette enabled
1663257237616	Marionette	INFO	Listening on port 63405
WebDriver BiDi listening on ws://localhost:63390
Read port: 63405
1663257237699	RemoteAgent	WARN	TLS certificate errors will be ignored for this session
[GFX1-]: RenderCompositorSWGL failed mapping default framebuffer, no dt
console.warn: SearchSettings: "get: No settings file exists, new profile?" (new NotFoundError("Could not open the file at C:\\Users\\Howne\\AppData\\Local\\Temp\\rust_mozprofile6CkcPN\\search.json.mozlz4", (void 0)))
DevTools listening on ws://localhost:63390/devtools/browser/4a7b41d9-762f-4197-83fa-9798d56f26a7
JavaScript error: , line 0: NS_ERROR_NOT_AVAILABLE
1663258330926	geckodriver	INFO	Listening on 127.0.0.1:64132
1663258333989	mozrunner::runner	INFO	Running command: "C:\\Program Files\\Mozilla Firefox\\firefox.exe" "--marionette" "-headless" "--window-size=1920,1200" "--remote-debugging-port" "64133" "--remote-allow-hosts" "localhost" "-no-remote" "-profile" "C:\\Users\\Howne\\AppData\\Local\\Temp\\rust_mozprofileLmytFF"
*** You are running in headless mode.
1663258334496	Marionette	INFO	Marionette enabled
1663258334502	Marionette	INFO	Listening on port 64146
WebDriver BiDi listening on ws://localhost:64133
Read port: 64146
1663258334635	RemoteAgent	WARN	TLS certificate errors will be ignored for this session
[GFX1-]: RenderCompositorSWGL failed mapping default framebuffer, no dt
console.warn: SearchSettings: "get: No settings file exists, new profile?" (new NotFoundError("Could not open the file at C:\\Users\\Howne\\AppData\\Local\\Temp\\rust_mozprofileLmytFF\\search.json.mozlz4", (void 0)))
DevTools listening on ws://localhost:64133/devtools/browser/1261c11f-4079-4670-b9cf-df25466ec7c4
1663258423765	Marionette	INFO	Stopped listening on port 64146
1663258426253	geckodriver	INFO	Listening on 127.0.0.1:64258
1663258429323	mozrunner::runner	INFO	Running command: "C:\\Program Files\\Mozilla Firefox\\firefox.exe" "--marionette" "-headless" "--window-size=1920,1200" "--remote-debugging-port" "64259" "--remote-allow-hosts" "localhost" "-no-remote" "-profile" "C:\\Users\\Howne\\AppData\\Local\\Temp\\rust_mozprofilekY0EBa"
*** You are running in headless mode.
1663258429752	Marionette	INFO	Marionette enabled
1663258429755	Marionette	INFO	Listening on port 64271
WebDriver BiDi listening on ws://localhost:64259
Read port: 64271
1663258429834	RemoteAgent	WARN	TLS certificate errors will be ignored for this session
[GFX1-]: RenderCompositorSWGL failed mapping default framebuffer, no dt
console.warn: SearchSettings: "get: No settings file exists, new profile?" (new NotFoundError("Could not open the file at C:\\Users\\Howne\\AppData\\Local\\Temp\\rust_mozprofilekY0EBa\\search.json.mozlz4", (void 0)))
DevTools listening on ws://localhost:64259/devtools/browser/98f4ad1d-5ab2-419f-8ba2-6d14b4c5fd75
1663258433239	Marionette	INFO	Stopped listening on port 64271
1663259184128	geckodriver	INFO	Listening on 127.0.0.1:64691
1663259187725	mozrunner::runner	INFO	Running command: "C:\\Program Files\\Mozilla Firefox\\firefox.exe" "--marionette" "-headless" "--window-size=1920,1200" "--remote-debugging-port" "64692" "--remote-allow-hosts" "localhost" "-no-remote" "-profile" "C:\\Users\\Howne\\AppData\\Local\\Temp\\rust_mozprofile637Uco"
*** You are running in headless mode.
1663259188339	Marionette	INFO	Marionette enabled
1663259188345	Marionette	INFO	Listening on port 64704
WebDriver BiDi listening on ws://localhost:64692
Read port: 64704
1663259188613	RemoteAgent	WARN	TLS certificate errors will be ignored for this session
[GFX1-]: RenderCompositorSWGL failed mapping default framebuffer, no dt
console.warn: SearchSettings: "get: No settings file exists, new profile?" (new NotFoundError("Could not open the file at C:\\Users\\Howne\\AppData\\Local\\Temp\\rust_mozprofile637Uco\\search.json.mozlz4", (void 0)))
DevTools listening on ws://localhost:64692/devtools/browser/d1fc77ce-4132-44d8-8a02-b1a9a298add8
Shutting down due to socket process crash.
1663259198605	geckodriver	INFO	Listening on 127.0.0.1:64796
1663259201649	mozrunner::runner	INFO	Running command: "C:\\Program Files\\Mozilla Firefox\\firefox.exe" "--marionette" "-headless" "--window-size=1920,1200" "--remote-debugging-port" "64797" "--remote-allow-hosts" "localhost" "-no-remote" "-profile" "C:\\Users\\Howne\\AppData\\Local\\Temp\\rust_mozprofileLJQMfK"
*** You are running in headless mode.
1663259201995	Marionette	INFO	Marionette enabled
1663259201999	Marionette	INFO	Listening on port 64809
WebDriver BiDi listening on ws://localhost:64797
Read port: 64809
1663259202217	RemoteAgent	WARN	TLS certificate errors will be ignored for this session
[GFX1-]: RenderCompositorSWGL failed mapping default framebuffer, no dt
console.warn: SearchSettings: "get: No settings file exists, new profile?" (new NotFoundError("Could not open the file at C:\\Users\\Howne\\AppData\\Local\\Temp\\rust_mozprofileLJQMfK\\search.json.mozlz4", (void 0)))
DevTools listening on ws://localhost:64797/devtools/browser/037c26bf-ed2d-4e31-9390-e363d271a24a
JavaScript error: , line 0: NS_ERROR_NOT_AVAILABLE
1:65145
1663259734281	mozrunner::runner	INFO	Running command: "C:\\Program Files\\Mozilla Firefox\\firefox.exe" "--marionette" "-headless" "--window-size=1920,1200" "--remote-debugging-port" "65146" "--remote-allow-hosts" "localhost" "-no-remote" "-profile" "C:\\Users\\Howne\\AppData\\Local\\Temp\\rust_mozprofileDvjNyd"
*** You are running in headless mode.
1663259734824	Marionette	INFO	Marionette enabled
1663259734830	Marionette	INFO	Listening on port 65158
WebDriver BiDi listening on ws://localhost:65146
Read port: 65158
1663259734933	RemoteAgent	WARN	TLS certificate errors will be ignored for this session
[GFX1-]: RenderCompositorSWGL failed mapping default framebuffer, no dt
console.warn: SearchSettings: "get: No settings file exists, new profile?" (new NotFoundError("Could not open the file at C:\\Users\\Howne\\AppData\\Local\\Temp\\rust_mozprofileDvjNyd\\search.json.mozlz4", (void 0)))
DevTools listening on ws://localhost:65146/devtools/browser/4b3a8e5c-3d23-440f-9fca-608bc2f2894d
1663259748572	geckodriver	INFO	Listening on 127.0.0.1:65228
1663259751632	mozrunner::runner	INFO	Running command: "C:\\Program Files\\Mozilla Firefox\\firefox.exe" "--marionette" "-headless" "--window-size=1920,1200" "--remote-debugging-port" "65229" "--remote-allow-hosts" "localhost" "-no-remote" "-profile" "C:\\Users\\Howne\\AppData\\Local\\Temp\\rust_mozprofileKoIbQ4"
*** You are running in headless mode.
1663259751987	Marionette	INFO	Marionette enabled
1663259751991	Marionette	INFO	Listening on port 65241
WebDriver BiDi listening on ws://localhost:65229
Read port: 65241
1663259752198	RemoteAgent	WARN	TLS certificate errors will be ignored for this session
[GFX1-]: RenderCompositorSWGL failed mapping default framebuffer, no dt
console.warn: SearchSettings: "get: No settings file exists, new profile?" (new NotFoundError("Could not open the file at C:\\Users\\Howne\\AppData\\Local\\Temp\\rust_mozprofileKoIbQ4\\search.json.mozlz4", (void 0)))
DevTools listening on ws://localhost:65229/devtools/browser/c74634f2-f692-424a-b4da-2b2ef6f50abc
JavaScript error: , line 0: NS_ERROR_NOT_AVAILABLE
1:65432
1663259956799	mozrunner::runner	INFO	Running command: "C:\\Program Files\\Mozilla Firefox\\firefox.exe" "--marionette" "-headless" "--window-size=1920,1200" "--remote-debugging-port" "65433" "--remote-allow-hosts" "localhost" "-no-remote" "-profile" "C:\\Users\\Howne\\AppData\\Local\\Temp\\rust_mozprofileyswcs3"
*** You are running in headless mode.
1663259957218	Marionette	INFO	Marionette enabled
1663259957222	Marionette	INFO	Listening on port 65445
WebDriver BiDi listening on ws://localhost:65433
Read port: 65445
1663259957306	RemoteAgent	WARN	TLS certificate errors will be ignored for this session
[GFX1-]: RenderCompositorSWGL failed mapping default framebuffer, no dt
console.warn: SearchSettings: "get: No settings file exists, new profile?" (new NotFoundError("Could not open the file at C:\\Users\\Howne\\AppData\\Local\\Temp\\rust_mozprofileyswcs3\\search.json.mozlz4", (void 0)))
DevTools listening on ws://localhost:65433/devtools/browser/2dc995c2-c1e7-405f-accd-f4823ad42f99
1663259994418	geckodriver	INFO	Listening on 127.0.0.1:60492
1663259997467	mozrunner::runner	INFO	Running command: "C:\\Program Files\\Mozilla Firefox\\firefox.exe" "--marionette" "-headless" "--window-size=1920,1200" "--remote-debugging-port" "60493" "--remote-allow-hosts" "localhost" "-no-remote" "-profile" "C:\\Users\\Howne\\AppData\\Local\\Temp\\rust_mozprofile6pgHla"
*** You are running in headless mode.
1663259997948	Marionette	INFO	Marionette enabled
1663259997951	Marionette	INFO	Listening on port 60506
WebDriver BiDi listening on ws://localhost:60493
Read port: 60506
1663259998175	RemoteAgent	WARN	TLS certificate errors will be ignored for this session
[GFX1-]: RenderCompositorSWGL failed mapping default framebuffer, no dt
console.warn: SearchSettings: "get: No settings file exists, new profile?" (new NotFoundError("Could not open the file at C:\\Users\\Howne\\AppData\\Local\\Temp\\rust_mozprofile6pgHla\\search.json.mozlz4", (void 0)))
DevTools listening on ws://localhost:60493/devtools/browser/4ff9a5ab-d8b1-43f7-bed5-90e1a79eef2a
1663260026014	geckodriver	INFO	Listening on 127.0.0.1:60571
1663260029079	mozrunner::runner	INFO	Running command: "C:\\Program Files\\Mozilla Firefox\\firefox.exe" "--marionette" "-headless" "--window-size=1920,1200" "--remote-debugging-port" "60572" "--remote-allow-hosts" "localhost" "-no-remote" "-profile" "C:\\Users\\Howne\\AppData\\Local\\Temp\\rust_mozprofile2PGuQe"
*** You are running in headless mode.
1663260029553	Marionette	INFO	Marionette enabled
1663260029556	Marionette	INFO	Listening on port 60584
WebDriver BiDi listening on ws://localhost:60572
Read port: 60584
1663260029777	RemoteAgent	WARN	TLS certificate errors will be ignored for this session
[GFX1-]: RenderCompositorSWGL failed mapping default framebuffer, no dt
console.warn: SearchSettings: "get: No settings file exists, new profile?" (new NotFoundError("Could not open the file at C:\\Users\\Howne\\AppData\\Local\\Temp\\rust_mozprofile2PGuQe\\search.json.mozlz4", (void 0)))
DevTools listening on ws://localhost:60572/devtools/browser/f46cbff9-3ecd-4cbe-b1b4-3a0a6a0984a1
1663260100461	geckodriver	INFO	Listening on 127.0.0.1:60675
1663260103531	mozrunner::runner	INFO	Running command: "C:\\Program Files\\Mozilla Firefox\\firefox.exe" "--marionette" "-headless" "--window-size=1920,1200" "--remote-debugging-port" "60676" "--remote-allow-hosts" "localhost" "-no-remote" "-profile" "C:\\Users\\Howne\\AppData\\Local\\Temp\\rust_mozprofileJj05Ab"
*** You are running in headless mode.
1663260103951	Marionette	INFO	Marionette enabled
1663260103955	Marionette	INFO	Listening on port 60688
WebDriver BiDi listening on ws://localhost:60676
Read port: 60688
1663260104037	RemoteAgent	WARN	TLS certificate errors will be ignored for this session
[GFX1-]: RenderCompositorSWGL failed mapping default framebuffer, no dt
console.warn: SearchSettings: "get: No settings file exists, new profile?" (new NotFoundError("Could not open the file at C:\\Users\\Howne\\AppData\\Local\\Temp\\rust_mozprofileJj05Ab\\search.json.mozlz4", (void 0)))
DevTools listening on ws://localhost:60676/devtools/browser/53a5a8e3-5094-49d5-894e-1e04da90d432
1663260281670	geckodriver	INFO	Listening on 127.0.0.1:60860
1663260284696	mozrunner::runner	INFO	Running command: "C:\\Program Files\\Mozilla Firefox\\firefox.exe" "--marionette" "-headless" "--window-size=1920,1200" "--remote-debugging-port" "60861" "--remote-allow-hosts" "localhost" "-no-remote" "-profile" "C:\\Users\\Howne\\AppData\\Local\\Temp\\rust_mozprofileaLVjbO"
*** You are running in headless mode.
1663260285250	Marionette	INFO	Marionette enabled
1663260285256	Marionette	INFO	Listening on port 60874
WebDriver BiDi listening on ws://localhost:60861
Read port: 60874
1663260285531	RemoteAgent	WARN	TLS certificate errors will be ignored for this session
[GFX1-]: RenderCompositorSWGL failed mapping default framebuffer, no dt
console.warn: SearchSettings: "get: No settings file exists, new profile?" (new NotFoundError("Could not open the file at C:\\Users\\Howne\\AppData\\Local\\Temp\\rust_mozprofileaLVjbO\\search.json.mozlz4", (void 0)))
DevTools listening on ws://localhost:60861/devtools/browser/501c222c-93ae-43f1-900d-7c8d48b21781
1663260297253	geckodriver	INFO	Listening on 127.0.0.1:60980
1663260300307	mozrunner::runner	INFO	Running command: "C:\\Program Files\\Mozilla Firefox\\firefox.exe" "--marionette" "-headless" "--window-size=1920,1200" "--remote-debugging-port" "60981" "--remote-allow-hosts" "localhost" "-no-remote" "-profile" "C:\\Users\\Howne\\AppData\\Local\\Temp\\rust_mozprofile3Xp8kt"
*** You are running in headless mode.
1663260300750	Marionette	INFO	Marionette enabled
1663260300754	Marionette	INFO	Listening on port 60994
WebDriver BiDi listening on ws://localhost:60981
Read port: 60994
1663260300970	RemoteAgent	WARN	TLS certificate errors will be ignored for this session
[GFX1-]: RenderCompositorSWGL failed mapping default framebuffer, no dt
console.warn: SearchSettings: "get: No settings file exists, new profile?" (new NotFoundError("Could not open the file at C:\\Users\\Howne\\AppData\\Local\\Temp\\rust_mozprofile3Xp8kt\\search.json.mozlz4", (void 0)))
DevTools listening on ws://localhost:60981/devtools/browser/474b778a-bcc9-41d3-860d-e7c8a89b1ab3
Exiting due to channel error.
1663338215552	geckodriver	INFO	Listening on 127.0.0.1:61205
1663338218588	mozrunner::runner	INFO	Running command: "C:\\Program Files\\Mozilla Firefox\\firefox.exe" "--marionette" "-headless" "--window-size=1920,1200" "--remote-debugging-port" "61206" "--remote-allow-hosts" "localhost" "-no-remote" "-profile" "C:\\Users\\Howne\\AppData\\Local\\Temp\\rust_mozprofilewodsel"
*** You are running in headless mode.
1663338218813	Marionette	INFO	Marionette enabled
1663338218817	Marionette	INFO	Listening on port 61216
WebDriver BiDi listening on ws://localhost:61206
Read port: 61216
1663338218980	RemoteAgent	WARN	TLS certificate errors will be ignored for this session
[GFX1-]: RenderCompositorSWGL failed mapping default framebuffer, no dt
console.warn: SearchSettings: "get: No settings file exists, new profile?" (new NotFoundError("Could not open the file at C:\\Users\\Howne\\AppData\\Local\\Temp\\rust_mozprofilewodsel\\search.json.mozlz4", (void 0)))
DevTools listening on ws://localhost:61206/devtools/browser/ee692e1c-e90f-42f3-bdc2-b449b3a6b598
1663338386183	Marionette	INFO	Stopped listening on port 61216
1663338388566	geckodriver	INFO	Listening on 127.0.0.1:57162
1663338391626	mozrunner::runner	INFO	Running command: "C:\\Program Files\\Mozilla Firefox\\firefox.exe" "--marionette" "-headless" "--window-size=1920,1200" "--remote-debugging-port" "57163" "--remote-allow-hosts" "localhost" "-no-remote" "-profile" "C:\\Users\\Howne\\AppData\\Local\\Temp\\rust_mozprofilerXwuXQ"
*** You are running in headless mode.
1663338392352	Marionette	INFO	Marionette enabled
1663338392355	Marionette	INFO	Listening on port 57173
WebDriver BiDi listening on ws://localhost:57163
Read port: 57173
1663338392434	RemoteAgent	WARN	TLS certificate errors will be ignored for this session
[GFX1-]: RenderCompositorSWGL failed mapping default framebuffer, no dt
console.warn: SearchSettings: "get: No settings file exists, new profile?" (new NotFoundError("Could not open the file at C:\\Users\\Howne\\AppData\\Local\\Temp\\rust_mozprofilerXwuXQ\\search.json.mozlz4", (void 0)))
DevTools listening on ws://localhost:57163/devtools/browser/d6d10520-d9b3-4c11-a405-8f7d2c25943c
1663338394379	Marionette	INFO	Stopped listening on port 57173
1663338445108	geckodriver	INFO	Listening on 127.0.0.1:57229
1663338448137	mozrunner::runner	INFO	Running command: "C:\\Program Files\\Mozilla Firefox\\firefox.exe" "--marionette" "-headless" "--window-size=1920,1200" "--remote-debugging-port" "57230" "--remote-allow-hosts" "localhost" "-no-remote" "-profile" "C:\\Users\\Howne\\AppData\\Local\\Temp\\rust_mozprofileCUtUoS"
*** You are running in headless mode.
1663338448343	Marionette	INFO	Marionette enabled
1663338448346	Marionette	INFO	Listening on port 57241
WebDriver BiDi listening on ws://localhost:57230
Read port: 57241
1663338448401	RemoteAgent	WARN	TLS certificate errors will be ignored for this session
[GFX1-]: RenderCompositorSWGL failed mapping default framebuffer, no dt
console.warn: SearchSettings: "get: No settings file exists, new profile?" (new NotFoundError("Could not open the file at C:\\Users\\Howne\\AppData\\Local\\Temp\\rust_mozprofileCUtUoS\\search.json.mozlz4", (void 0)))
DevTools listening on ws://localhost:57230/devtools/browser/90c4bac4-48e4-4a1a-8ba8-d6a56da23eb9
1663338450490	Marionette	INFO	Stopped listening on port 57241
1663338529980	geckodriver	INFO	Listening on 127.0.0.1:57322
1663338533008	mozrunner::runner	INFO	Running command: "C:\\Program Files\\Mozilla Firefox\\firefox.exe" "--marionette" "-headless" "--window-size=1920,1200" "--remote-debugging-port" "57323" "--remote-allow-hosts" "localhost" "-no-remote" "-profile" "C:\\Users\\Howne\\AppData\\Local\\Temp\\rust_mozprofilejiyDLG"
*** You are running in headless mode.
1663338533214	Marionette	INFO	Marionette enabled
1663338533217	Marionette	INFO	Listening on port 57333
WebDriver BiDi listening on ws://localhost:57323
Read port: 57333
1663338533273	RemoteAgent	WARN	TLS certificate errors will be ignored for this session
[GFX1-]: RenderCompositorSWGL failed mapping default framebuffer, no dt
console.warn: SearchSettings: "get: No settings file exists, new profile?" (new NotFoundError("Could not open the file at C:\\Users\\Howne\\AppData\\Local\\Temp\\rust_mozprofilejiyDLG\\search.json.mozlz4", (void 0)))
DevTools listening on ws://localhost:57323/devtools/browser/70d1432d-fb41-4ad3-9836-5a79b26b0dd1
1663338561815	Marionette	INFO	Stopped listening on port 57333
1663338564442	geckodriver	INFO	Listening on 127.0.0.1:57404
1663338567487	mozrunner::runner	INFO	Running command: "C:\\Program Files\\Mozilla Firefox\\firefox.exe" "--marionette" "-headless" "--window-size=1920,1200" "--remote-debugging-port" "57405" "--remote-allow-hosts" "localhost" "-no-remote" "-profile" "C:\\Users\\Howne\\AppData\\Local\\Temp\\rust_mozprofilePccJHl"
*** You are running in headless mode.
1663338567693	Marionette	INFO	Marionette enabled
1663338567695	Marionette	INFO	Listening on port 57416
WebDriver BiDi listening on ws://localhost:57405
Read port: 57416
1663338567750	RemoteAgent	WARN	TLS certificate errors will be ignored for this session
[GFX1-]: RenderCompositorSWGL failed mapping default framebuffer, no dt
console.warn: SearchSettings: "get: No settings file exists, new profile?" (new NotFoundError("Could not open the file at C:\\Users\\Howne\\AppData\\Local\\Temp\\rust_mozprofilePccJHl\\search.json.mozlz4", (void 0)))
DevTools listening on ws://localhost:57405/devtools/browser/d454e694-e648-4fba-b0ca-e1db450fbd58
JavaScript error: , line 0: TypeError: NetworkError when attempting to fetch resource.
1663338569790	Marionette	INFO	Stopped listening on port 57416
1663338632000	geckodriver	INFO	Listening on 127.0.0.1:57468
1663338635057	mozrunner::runner	INFO	Running command: "C:\\Program Files\\Mozilla Firefox\\firefox.exe" "--marionette" "-headless" "--window-size=1920,1200" "--remote-debugging-port" "57469" "--remote-allow-hosts" "localhost" "-no-remote" "-profile" "C:\\Users\\Howne\\AppData\\Local\\Temp\\rust_mozprofile3i6VoM"
*** You are running in headless mode.
1663338635262	Marionette	INFO	Marionette enabled
1663338635265	Marionette	INFO	Listening on port 57479
WebDriver BiDi listening on ws://localhost:57469
Read port: 57479
1663338635323	RemoteAgent	WARN	TLS certificate errors will be ignored for this session
[GFX1-]: RenderCompositorSWGL failed mapping default framebuffer, no dt
console.warn: SearchSettings: "get: No settings file exists, new profile?" (new NotFoundError("Could not open the file at C:\\Users\\Howne\\AppData\\Local\\Temp\\rust_mozprofile3i6VoM\\search.json.mozlz4", (void 0)))
DevTools listening on ws://localhost:57469/devtools/browser/51988b80-1d9d-4028-865e-139d3790046d
1663338639270	Marionette	INFO	Stopped listening on port 57479
1663338713822	geckodriver	INFO	Listening on 127.0.0.1:57546
1663338716853	mozrunner::runner	INFO	Running command: "C:\\Program Files\\Mozilla Firefox\\firefox.exe" "--marionette" "-headless" "--window-size=1920,1200" "--remote-debugging-port" "57547" "--remote-allow-hosts" "localhost" "-no-remote" "-profile" "C:\\Users\\Howne\\AppData\\Local\\Temp\\rust_mozprofile9EUroJ"
*** You are running in headless mode.
1663338717057	Marionette	INFO	Marionette enabled
1663338717060	Marionette	INFO	Listening on port 57558
WebDriver BiDi listening on ws://localhost:57547
Read port: 57558
1663338717115	RemoteAgent	WARN	TLS certificate errors will be ignored for this session
[GFX1-]: RenderCompositorSWGL failed mapping default framebuffer, no dt
console.warn: SearchSettings: "get: No settings file exists, new profile?" (new NotFoundError("Could not open the file at C:\\Users\\Howne\\AppData\\Local\\Temp\\rust_mozprofile9EUroJ\\search.json.mozlz4", (void 0)))
DevTools listening on ws://localhost:57547/devtools/browser/88ecbced-5540-4f8d-a4fd-bedaeec4b3cc
1663338720853	Marionette	INFO	Stopped listening on port 57558
1663339102485	geckodriver	INFO	Listening on 127.0.0.1:57727
1663339105510	mozrunner::runner	INFO	Running command: "C:\\Program Files\\Mozilla Firefox\\firefox.exe" "--marionette" "--window-size=1920,1200" "--remote-debugging-port" "57728" "--remote-allow-hosts" "localhost" "-no-remote" "-profile" "C:\\Users\\Howne\\AppData\\Local\\Temp\\rust_mozprofileXbwSKq"
1663339105722	Marionette	INFO	Marionette enabled
1663339105725	Marionette	INFO	Listening on port 57738
WebDriver BiDi listening on ws://localhost:57728
Read port: 57738
1663339105815	RemoteAgent	WARN	TLS certificate errors will be ignored for this session
console.warn: SearchSettings: "get: No settings file exists, new profile?" (new NotFoundError("Could not open the file at C:\\Users\\Howne\\AppData\\Local\\Temp\\rust_mozprofileXbwSKq\\search.json.mozlz4", (void 0)))
DevTools listening on ws://localhost:57728/devtools/browser/476b04d6-a7dd-44d5-b08e-399d90f85780
1663339110057	Marionette	INFO	Stopped listening on port 57738
1663339159029	geckodriver	INFO	Listening on 127.0.0.1:57810
1663339162078	mozrunner::runner	INFO	Running command: "C:\\Program Files\\Mozilla Firefox\\firefox.exe" "--marionette" "--window-size=1920,1200" "--remote-debugging-port" "57811" "--remote-allow-hosts" "localhost" "-no-remote" "-profile" "C:\\Users\\Howne\\AppData\\Local\\Temp\\rust_mozprofile0vpJEE"
1663339162300	Marionette	INFO	Marionette enabled
1663339162303	Marionette	INFO	Listening on port 57821
WebDriver BiDi listening on ws://localhost:57811
Read port: 57821
1663339162501	RemoteAgent	WARN	TLS certificate errors will be ignored for this session
console.warn: SearchSettings: "get: No settings file exists, new profile?" (new NotFoundError("Could not open the file at C:\\Users\\Howne\\AppData\\Local\\Temp\\rust_mozprofile0vpJEE\\search.json.mozlz4", (void 0)))
DevTools listening on ws://localhost:57811/devtools/browser/fbcdf909-4e45-4834-b5b5-e2fbd27cd6aa
1663339227361	Marionette	INFO	Stopped listening on port 57821
JavaScript error: , line 0: NotFoundError: No such JSWindowActor 'DevToolsFrame'
JavaScript error: , line 0: NotFoundError: No such JSWindowActor 'DevToolsFrame'
JavaScript error: , line 0: NotFoundError: No such JSWindowActor 'DevToolsFrame'
1663339229536	geckodriver	INFO	Listening on 127.0.0.1:57881
1663339232561	mozrunner::runner	INFO	Running command: "C:\\Program Files\\Mozilla Firefox\\firefox.exe" "--marionette" "--window-size=1920,1200" "--remote-debugging-port" "57882" "--remote-allow-hosts" "localhost" "-no-remote" "-profile" "C:\\Users\\Howne\\AppData\\Local\\Temp\\rust_mozprofilefHZpPN"
1663339232765	Marionette	INFO	Marionette enabled
1663339232767	Marionette	INFO	Listening on port 57892
WebDriver BiDi listening on ws://localhost:57882
Read port: 57892
1663339232856	RemoteAgent	WARN	TLS certificate errors will be ignored for this session
console.warn: SearchSettings: "get: No settings file exists, new profile?" (new NotFoundError("Could not open the file at C:\\Users\\Howne\\AppData\\Local\\Temp\\rust_mozprofilefHZpPN\\search.json.mozlz4", (void 0)))
DevTools listening on ws://localhost:57882/devtools/browser/6aea80ca-bd55-4990-9254-c0e0062ace1f
1663339235291	Marionette	INFO	Stopped listening on port 57892
1663339286534	geckodriver	INFO	Listening on 127.0.0.1:57950
1663339289570	mozrunner::runner	INFO	Running command: "C:\\Program Files\\Mozilla Firefox\\firefox.exe" "--marionette" "--window-size=1920,1200" "--remote-debugging-port" "57951" "--remote-allow-hosts" "localhost" "-no-remote" "-profile" "C:\\Users\\Howne\\AppData\\Local\\Temp\\rust_mozprofile9sqgPO"
1663339289775	Marionette	INFO	Marionette enabled
1663339289778	Marionette	INFO	Listening on port 57961
WebDriver BiDi listening on ws://localhost:57951
Read port: 57961
1663339289868	RemoteAgent	WARN	TLS certificate errors will be ignored for this session
console.warn: SearchSettings: "get: No settings file exists, new profile?" (new NotFoundError("Could not open the file at C:\\Users\\Howne\\AppData\\Local\\Temp\\rust_mozprofile9sqgPO\\search.json.mozlz4", (void 0)))
DevTools listening on ws://localhost:57951/devtools/browser/9c745862-0188-495e-9108-3a730edb2b07
1663339314091	Marionette	INFO	Stopped listening on port 57961
1663339351511	geckodriver	INFO	Listening on 127.0.0.1:58035
1663339354574	mozrunner::runner	INFO	Running command: "C:\\Program Files\\Mozilla Firefox\\firefox.exe" "--marionette" "--window-size=1920,1200" "--remote-debugging-port" "58036" "--remote-allow-hosts" "localhost" "-no-remote" "-profile" "C:\\Users\\Howne\\AppData\\Local\\Temp\\rust_mozprofileUr31ff"
1663339354782	Marionette	INFO	Marionette enabled
1663339354785	Marionette	INFO	Listening on port 58046
WebDriver BiDi listening on ws://localhost:58036
Read port: 58046
1663339354873	RemoteAgent	WARN	TLS certificate errors will be ignored for this session
console.warn: SearchSettings: "get: No settings file exists, new profile?" (new NotFoundError("Could not open the file at C:\\Users\\Howne\\AppData\\Local\\Temp\\rust_mozprofileUr31ff\\search.json.mozlz4", (void 0)))
DevTools listening on ws://localhost:58036/devtools/browser/da37c2eb-f3a9-4c2b-9d2c-b33ab1ab4f99
1663339357262	Marionette	INFO	Stopped listening on port 58046
1663339411716	geckodriver	INFO	Listening on 127.0.0.1:58097
1663339414737	mozrunner::runner	INFO	Running command: "C:\\Program Files\\Mozilla Firefox\\firefox.exe" "--marionette" "--window-size=1920,1200" "--remote-debugging-port" "58098" "--remote-allow-hosts" "localhost" "-no-remote" "-profile" "C:\\Users\\Howne\\AppData\\Local\\Temp\\rust_mozprofileNCysvs"
1663339414945	Marionette	INFO	Marionette enabled
1663339414947	Marionette	INFO	Listening on port 58109
WebDriver BiDi listening on ws://localhost:58098
Read port: 58109
1663339415037	RemoteAgent	WARN	TLS certificate errors will be ignored for this session
console.warn: SearchSettings: "get: No settings file exists, new profile?" (new NotFoundError("Could not open the file at C:\\Users\\Howne\\AppData\\Local\\Temp\\rust_mozprofileNCysvs\\search.json.mozlz4", (void 0)))
DevTools listening on ws://localhost:58098/devtools/browser/9d61441e-761b-4980-8f57-715bcaba9c1d
1663339642979	Marionette	INFO	Stopped listening on port 58109
console.warn: TopSitesFeed: Failed to fetch data from Contile server: NetworkError when attempting to fetch resource.
window-size=1920,1200" "--remote-debugging-port" "58198" "--remote-allow-hosts" "localhost" "-no-remote" "-profile" "C:\\Users\\Howne\\AppData\\Local\\Temp\\rust_mozprofileN81EK9"
1663339637295	Marionette	INFO	Marionette enabled
1663339637298	Marionette	INFO	Listening on port 58210
WebDriver BiDi listening on ws://localhost:58198
Read port: 58210
1663339637497	RemoteAgent	WARN	TLS certificate errors will be ignored for this session
console.warn: SearchSettings: "get: No settings file exists, new profile?" (new NotFoundError("Could not open the file at C:\\Users\\Howne\\AppData\\Local\\Temp\\rust_mozprofileN81EK9\\search.json.mozlz4", (void 0)))
DevTools listening on ws://localhost:58198/devtools/browser/2b5470da-ce7c-4deb-972b-303cb54daf2c
1663339639995	Marionette	INFO	Stopped listening on port 58210
1663339667994	geckodriver	INFO	Listening on 127.0.0.1:58262
1663339671029	mozrunner::runner	INFO	Running command: "C:\\Program Files\\Mozilla Firefox\\firefox.exe" "--marionette" "--window-size=1920,1200" "--remote-debugging-port" "58263" "--remote-allow-hosts" "localhost" "-no-remote" "-profile" "C:\\Users\\Howne\\AppData\\Local\\Temp\\rust_mozprofile01IELA"
1663339671235	Marionette	INFO	Marionette enabled
1663339671238	Marionette	INFO	Listening on port 58273
WebDriver BiDi listening on ws://localhost:58263
Read port: 58273
1663339671327	RemoteAgent	WARN	TLS certificate errors will be ignored for this session
console.warn: SearchSettings: "get: No settings file exists, new profile?" (new NotFoundError("Could not open the file at C:\\Users\\Howne\\AppData\\Local\\Temp\\rust_mozprofile01IELA\\search.json.mozlz4", (void 0)))
DevTools listening on ws://localhost:58263/devtools/browser/07dbc78a-d970-44d5-84b7-d2e0f85f6d50
1663339673746	Marionette	INFO	Stopped listening on port 58273
1663339709129	geckodriver	INFO	Listening on 127.0.0.1:58322
1663339712145	mozrunner::runner	INFO	Running command: "C:\\Program Files\\Mozilla Firefox\\firefox.exe" "--marionette" "--window-size=1920,1200" "--remote-debugging-port" "58323" "--remote-allow-hosts" "localhost" "-no-remote" "-profile" "C:\\Users\\Howne\\AppData\\Local\\Temp\\rust_mozprofile0i32TY"
1663339712351	Marionette	INFO	Marionette enabled
1663339712354	Marionette	INFO	Listening on port 58334
WebDriver BiDi listening on ws://localhost:58323
Read port: 58334
1663339712443	RemoteAgent	WARN	TLS certificate errors will be ignored for this session
console.warn: SearchSettings: "get: No settings file exists, new profile?" (new NotFoundError("Could not open the file at C:\\Users\\Howne\\AppData\\Local\\Temp\\rust_mozprofile0i32TY\\search.json.mozlz4", (void 0)))
DevTools listening on ws://localhost:58323/devtools/browser/8dfb5dcf-de48-4042-b2e3-d9b88b1def17
1663339714764	Marionette	INFO	Stopped listening on port 58334
1663339732730	geckodriver	INFO	Listening on 127.0.0.1:58384
1663339735780	mozrunner::runner	INFO	Running command: "C:\\Program Files\\Mozilla Firefox\\firefox.exe" "--marionette" "--window-size=1920,1200" "--remote-debugging-port" "58385" "--remote-allow-hosts" "localhost" "-no-remote" "-profile" "C:\\Users\\Howne\\AppData\\Local\\Temp\\rust_mozprofileNVlSSL"
1663339735986	Marionette	INFO	Marionette enabled
1663339735989	Marionette	INFO	Listening on port 58395
WebDriver BiDi listening on ws://localhost:58385
Read port: 58395
1663339736078	RemoteAgent	WARN	TLS certificate errors will be ignored for this session
console.warn: SearchSettings: "get: No settings file exists, new profile?" (new NotFoundError("Could not open the file at C:\\Users\\Howne\\AppData\\Local\\Temp\\rust_mozprofileNVlSSL\\search.json.mozlz4", (void 0)))
DevTools listening on ws://localhost:58385/devtools/browser/e00ac68a-42ad-45e8-9103-4e29af956b21
1663339738798	Marionette	INFO	Stopped listening on port 58395
JavaScript error: resource://gre/modules/TerminatorTelemetry.jsm, line 60: AbortError: IOUtils: Shutting down and refusing additional I/O tasks
1663340413516	geckodriver	INFO	Listening on 127.0.0.1:49575
1663340416542	mozrunner::runner	INFO	Running command: "C:\\Program Files\\Mozilla Firefox\\firefox.exe" "--marionette" "--window-size=1920,1200" "--remote-debugging-port" "49576" "--remote-allow-hosts" "localhost" "-no-remote" "-profile" "C:\\Users\\Howne\\AppData\\Local\\Temp\\rust_mozprofilejjrSRx"
1663340416751	Marionette	INFO	Marionette enabled
1663340416754	Marionette	INFO	Listening on port 49587
WebDriver BiDi listening on ws://localhost:49576
Read port: 49587
1663340416851	RemoteAgent	WARN	TLS certificate errors will be ignored for this session
console.warn: SearchSettings: "get: No settings file exists, new profile?" (new NotFoundError("Could not open the file at C:\\Users\\Howne\\AppData\\Local\\Temp\\rust_mozprofilejjrSRx\\search.json.mozlz4", (void 0)))
DevTools listening on ws://localhost:49576/devtools/browser/3b6dd57d-b233-4868-8731-427d947bd039
1663340418988	Marionette	INFO	Stopped listening on port 49587
1663340709453	geckodriver	INFO	Listening on 127.0.0.1:49697
1663340712489	mozrunner::runner	INFO	Running command: "C:\\Program Files\\Mozilla Firefox\\firefox.exe" "--marionette" "-headless" "--window-size=1920,1200" "--remote-debugging-port" "49698" "--remote-allow-hosts" "localhost" "-no-remote" "-profile" "C:\\Users\\Howne\\AppData\\Local\\Temp\\rust_mozprofiley1j0xE"
*** You are running in headless mode.
1663340712700	Marionette	INFO	Marionette enabled
1663340712703	Marionette	INFO	Listening on port 49708
WebDriver BiDi listening on ws://localhost:49698
Read port: 49708
1663340712758	RemoteAgent	WARN	TLS certificate errors will be ignored for this session
[GFX1-]: RenderCompositorSWGL failed mapping default framebuffer, no dt
console.warn: SearchSettings: "get: No settings file exists, new profile?" (new NotFoundError("Could not open the file at C:\\Users\\Howne\\AppData\\Local\\Temp\\rust_mozprofiley1j0xE\\search.json.mozlz4", (void 0)))
DevTools listening on ws://localhost:49698/devtools/browser/3b4e0d63-60eb-48d8-a77a-f4f95d10d557
1663340714871	Marionette	INFO	Stopped listening on port 49708
1663340764602	geckodriver	INFO	Listening on 127.0.0.1:49779
1663340767640	mozrunner::runner	INFO	Running command: "C:\\Program Files\\Mozilla Firefox\\firefox.exe" "--marionette" "-headless" "--window-size=1920,1200" "--remote-debugging-port" "49780" "--remote-allow-hosts" "localhost" "-no-remote" "-profile" "C:\\Users\\Howne\\AppData\\Local\\Temp\\rust_mozprofilecZ7pa6"
*** You are running in headless mode.
1663340767844	Marionette	INFO	Marionette enabled
1663340767847	Marionette	INFO	Listening on port 49790
WebDriver BiDi listening on ws://localhost:49780
Read port: 49790
1663340767903	RemoteAgent	WARN	TLS certificate errors will be ignored for this session
[GFX1-]: RenderCompositorSWGL failed mapping default framebuffer, no dt
console.warn: SearchSettings: "get: No settings file exists, new profile?" (new NotFoundError("Could not open the file at C:\\Users\\Howne\\AppData\\Local\\Temp\\rust_mozprofilecZ7pa6\\search.json.mozlz4", (void 0)))
DevTools listening on ws://localhost:49780/devtools/browser/7da4514b-1e06-4099-866f-1db1d9535ca8
1663340770070	Marionette	INFO	Stopped listening on port 49790
1663341205092	geckodriver	INFO	Listening on 127.0.0.1:49895
1663341208107	mozrunner::runner	INFO	Running command: "C:\\Program Files\\Mozilla Firefox\\firefox.exe" "--marionette" "-headless" "--window-size=1920,1200" "--remote-debugging-port" "49896" "--remote-allow-hosts" "localhost" "-no-remote" "-profile" "C:\\Users\\Howne\\AppData\\Local\\Temp\\rust_mozprofileTPSCqX"
*** You are running in headless mode.
1663341208311	Marionette	INFO	Marionette enabled
1663341208315	Marionette	INFO	Listening on port 49906
WebDriver BiDi listening on ws://localhost:49896
Read port: 49906
1663341208369	RemoteAgent	WARN	TLS certificate errors will be ignored for this session
[GFX1-]: RenderCompositorSWGL failed mapping default framebuffer, no dt
console.warn: SearchSettings: "get: No settings file exists, new profile?" (new NotFoundError("Could not open the file at C:\\Users\\Howne\\AppData\\Local\\Temp\\rust_mozprofileTPSCqX\\search.json.mozlz4", (void 0)))
DevTools listening on ws://localhost:49896/devtools/browser/1da7d7a2-611e-4d5f-a8b6-5f912d8974b0
1663341210894	Marionette	INFO	Stopped listening on port 49906
1663341548845	geckodriver	INFO	Listening on 127.0.0.1:50077
1663341551873	mozrunner::runner	INFO	Running command: "C:\\Program Files\\Mozilla Firefox\\firefox.exe" "--marionette" "-headless" "--window-size=1920,1200" "--remote-debugging-port" "50078" "--remote-allow-hosts" "localhost" "-no-remote" "-profile" "C:\\Users\\Howne\\AppData\\Local\\Temp\\rust_mozprofileH9fmdg"
*** You are running in headless mode.
1663341552085	Marionette	INFO	Marionette enabled
1663341552088	Marionette	INFO	Listening on port 50093
WebDriver BiDi listening on ws://localhost:50078
Read port: 50093
1663341552234	RemoteAgent	WARN	TLS certificate errors will be ignored for this session
[GFX1-]: RenderCompositorSWGL failed mapping default framebuffer, no dt
console.warn: SearchSettings: "get: No settings file exists, new profile?" (new NotFoundError("Could not open the file at C:\\Users\\Howne\\AppData\\Local\\Temp\\rust_mozprofileH9fmdg\\search.json.mozlz4", (void 0)))
DevTools listening on ws://localhost:50078/devtools/browser/9afa4c07-46fe-46dc-b264-e3167ddf68b9
1663341555295	Marionette	INFO	Stopped listening on port 50093
1663341777879	geckodriver	INFO	Listening on 127.0.0.1:50181
1663341780899	mozrunner::runner	INFO	Running command: "C:\\Program Files\\Mozilla Firefox\\firefox.exe" "--marionette" "-headless" "--window-size=1920,1200" "--remote-debugging-port" "50182" "--remote-allow-hosts" "localhost" "-no-remote" "-profile" "C:\\Users\\Howne\\AppData\\Local\\Temp\\rust_mozprofileCOQ8VW"
*** You are running in headless mode.
1663341781105	Marionette	INFO	Marionette enabled
1663341781107	Marionette	INFO	Listening on port 50192
WebDriver BiDi listening on ws://localhost:50182
Read port: 50192
1663341781163	RemoteAgent	WARN	TLS certificate errors will be ignored for this session
[GFX1-]: RenderCompositorSWGL failed mapping default framebuffer, no dt
console.warn: SearchSettings: "get: No settings file exists, new profile?" (new NotFoundError("Could not open the file at C:\\Users\\Howne\\AppData\\Local\\Temp\\rust_mozprofileCOQ8VW\\search.json.mozlz4", (void 0)))
DevTools listening on ws://localhost:50182/devtools/browser/82109533-a97b-45ae-97e2-eb7714af716b
1663341784817	Marionette	INFO	Stopped listening on port 50192
1663341802209	geckodriver	INFO	Listening on 127.0.0.1:50253
1663341805235	mozrunner::runner	INFO	Running command: "C:\\Program Files\\Mozilla Firefox\\firefox.exe" "--marionette" "-headless" "--window-size=1920,1200" "--remote-debugging-port" "50254" "--remote-allow-hosts" "localhost" "-no-remote" "-profile" "C:\\Users\\Howne\\AppData\\Local\\Temp\\rust_mozprofileV6T59H"
*** You are running in headless mode.
1663341805439	Marionette	INFO	Marionette enabled
1663341805442	Marionette	INFO	Listening on port 50264
WebDriver BiDi listening on ws://localhost:50254
Read port: 50264
1663341805496	RemoteAgent	WARN	TLS certificate errors will be ignored for this session
[GFX1-]: RenderCompositorSWGL failed mapping default framebuffer, no dt
console.warn: SearchSettings: "get: No settings file exists, new profile?" (new NotFoundError("Could not open the file at C:\\Users\\Howne\\AppData\\Local\\Temp\\rust_mozprofileV6T59H\\search.json.mozlz4", (void 0)))
DevTools listening on ws://localhost:50254/devtools/browser/b56d3270-0981-443f-b224-82133beb47cb
1663341807656	Marionette	INFO	Stopped listening on port 50264
1663341902773	geckodriver	INFO	Listening on 127.0.0.1:50335
1663341905808	mozrunner::runner	INFO	Running command: "C:\\Program Files\\Mozilla Firefox\\firefox.exe" "--marionette" "-headless" "--window-size=1920,1200" "--remote-debugging-port" "50336" "--remote-allow-hosts" "localhost" "-no-remote" "-profile" "C:\\Users\\Howne\\AppData\\Local\\Temp\\rust_mozprofilejvIowk"
*** You are running in headless mode.
1663341906016	Marionette	INFO	Marionette enabled
1663341906019	Marionette	INFO	Listening on port 50347
WebDriver BiDi listening on ws://localhost:50336
Read port: 50347
1663341906073	RemoteAgent	WARN	TLS certificate errors will be ignored for this session
[GFX1-]: RenderCompositorSWGL failed mapping default framebuffer, no dt
console.warn: SearchSettings: "get: No settings file exists, new profile?" (new NotFoundError("Could not open the file at C:\\Users\\Howne\\AppData\\Local\\Temp\\rust_mozprofilejvIowk\\search.json.mozlz4", (void 0)))
DevTools listening on ws://localhost:50336/devtools/browser/d478a36a-51a2-4731-a807-04aa0d7ee0b9
1663341908633	Marionette	INFO	Stopped listening on port 50347
1663342110637	geckodriver	INFO	Listening on 127.0.0.1:50423
1663342113662	mozrunner::runner	INFO	Running command: "C:\\Program Files\\Mozilla Firefox\\firefox.exe" "--marionette" "-headless" "--window-size=1920,1200" "--remote-debugging-port" "50424" "--remote-allow-hosts" "localhost" "-no-remote" "-profile" "C:\\Users\\Howne\\AppData\\Local\\Temp\\rust_mozprofileZbNG4J"
*** You are running in headless mode.
1663342113874	Marionette	INFO	Marionette enabled
1663342113877	Marionette	INFO	Listening on port 50435
WebDriver BiDi listening on ws://localhost:50424
Read port: 50435
1663342114026	RemoteAgent	WARN	TLS certificate errors will be ignored for this session
[GFX1-]: RenderCompositorSWGL failed mapping default framebuffer, no dt
console.warn: SearchSettings: "get: No settings file exists, new profile?" (new NotFoundError("Could not open the file at C:\\Users\\Howne\\AppData\\Local\\Temp\\rust_mozprofileZbNG4J\\search.json.mozlz4", (void 0)))
DevTools listening on ws://localhost:50424/devtools/browser/cb3906c9-63bd-4b50-9894-ba53f104a5d9
JavaScript error: , line 0: NS_ERROR_NOT_AVAILABLE
1:50499
1663342159018	mozrunner::runner	INFO	Running command: "C:\\Program Files\\Mozilla Firefox\\firefox.exe" "--marionette" "-headless" "--window-size=1920,1200" "--remote-debugging-port" "50500" "--remote-allow-hosts" "localhost" "-no-remote" "-profile" "C:\\Users\\Howne\\AppData\\Local\\Temp\\rust_mozprofileDl8Zt4"
*** You are running in headless mode.
1663342159225	Marionette	INFO	Marionette enabled
1663342159228	Marionette	INFO	Listening on port 50510
WebDriver BiDi listening on ws://localhost:50500
Read port: 50510
1663342159285	RemoteAgent	WARN	TLS certificate errors will be ignored for this session
[GFX1-]: RenderCompositorSWGL failed mapping default framebuffer, no dt
console.warn: SearchSettings: "get: No settings file exists, new profile?" (new NotFoundError("Could not open the file at C:\\Users\\Howne\\AppData\\Local\\Temp\\rust_mozprofileDl8Zt4\\search.json.mozlz4", (void 0)))
DevTools listening on ws://localhost:50500/devtools/browser/e9fb8660-ac57-4bfa-a3d6-3938e81a574a
1663342161914	Marionette	INFO	Stopped listening on port 50510
